{"numFailedTestSuites":0,"numFailedTests":0,"numPassedTestSuites":1,"numPassedTests":5,"numPendingTestSuites":0,"numPendingTests":0,"numRuntimeErrorTestSuites":0,"numTodoTests":0,"numTotalTestSuites":1,"numTotalTests":5,"openHandles":[],"snapshot":{"added":0,"didUpdate":false,"failure":false,"filesAdded":0,"filesRemoved":0,"filesRemovedList":[],"filesUnmatched":0,"filesUpdated":0,"matched":0,"total":0,"unchecked":0,"uncheckedKeysByFile":[],"unmatched":0,"updated":0},"startTime":1738336592818,"success":true,"testResults":[{"assertionResults":[{"ancestorTitles":["App Component"],"duration":39,"failureDetails":[],"failureMessages":[],"fullName":"App Component renders login form correctly","invocations":1,"location":{"column":3,"line":17},"numPassingAsserts":5,"retryReasons":[],"status":"passed","title":"renders login form correctly"},{"ancestorTitles":["App Component"],"duration":11,"failureDetails":[],"failureMessages":[],"fullName":"App Component shows error message if email or password are empty","invocations":1,"location":{"column":3,"line":29},"numPassingAsserts":1,"retryReasons":[],"status":"passed","title":"shows error message if email or password are empty"},{"ancestorTitles":["App Component"],"duration":89,"failureDetails":[],"failureMessages":[],"fullName":"App Component calls fetch with correct parameters on form submission","invocations":1,"location":{"column":3,"line":40},"numPassingAsserts":1,"retryReasons":[],"status":"passed","title":"calls fetch with correct parameters on form submission"},{"ancestorTitles":["App Component"],"duration":15,"failureDetails":[],"failureMessages":[],"fullName":"App Component displays error message when fetch fails","invocations":1,"location":{"column":3,"line":71},"numPassingAsserts":1,"retryReasons":[],"status":"passed","title":"displays error message when fetch fails"},{"ancestorTitles":["App Component"],"duration":13,"failureDetails":[],"failureMessages":[],"fullName":"App Component renders welcome message after successful login","invocations":1,"location":{"column":3,"line":91},"numPassingAsserts":1,"retryReasons":[],"status":"passed","title":"renders welcome message after successful login"}],"endTime":1738336593988,"message":"","name":"/Users/jairtabares/Dev/leanimpro/QAEngineer-test-frontend/src/App.test.js","startTime":1738336593137,"status":"passed","summary":""}],"wasInterrupted":false}
